app/build/intermediates/manifest_merge_blame_file/debug/manifest-merger-blame-debug-report.txt
1<?xml version="1.0" encoding="utf-8"?>
2<manifest xmlns:android="http://schemas.android.com/apk/res/android"
3    package="com.example.wetrace"
4    android:versionCode="1"
5    android:versionName="1.0" >
6
7    <uses-sdk
8        android:minSdkVersion="21"
8-->src\main\AndroidManifest.xml
9        android:targetSdkVersion="30" />
9-->src\main\AndroidManifest.xml
10
11    <uses-permission android:name="android.permission.ACCESS_COARSE_LOCATION" />
11-->src\main\AndroidManifest.xml:5:5-81
11-->src\main\AndroidManifest.xml:5:22-78
12    <uses-permission android:name="android.permission.ACCESS_FINE_LOCATION" />
12-->src\main\AndroidManifest.xml:6:5-79
12-->src\main\AndroidManifest.xml:6:22-76
13    <uses-permission android:name="android.permission.INTERNET" />
13-->src\main\AndroidManifest.xml:7:5-67
13-->src\main\AndroidManifest.xml:7:22-64
14    <uses-permission android:name="android.permission.VIBRATE" />
14-->src\main\AndroidManifest.xml:8:5-65
14-->src\main\AndroidManifest.xml:8:22-63
15    <uses-permission android:name="android.permission.ACCESS_NETWORK_STATE" />
15-->[com.google.android.gms:play-services-nearby:17.0.0] AndroidManifest.xml:7:5-79
15-->[com.google.android.gms:play-services-nearby:17.0.0] AndroidManifest.xml:7:22-76
16
17    <uses-feature
17-->[com.google.android.gms:play-services-maps:17.0.0] AndroidManifest.xml:26:5-28:35
18        android:glEsVersion="0x00020000"
18-->[com.google.android.gms:play-services-maps:17.0.0] AndroidManifest.xml:27:9-41
19        android:required="true" />
19-->[com.google.android.gms:play-services-maps:17.0.0] AndroidManifest.xml:28:9-32
20
21    <application
21-->src\main\AndroidManifest.xml:10:5-50:19
22        android:allowBackup="true"
22-->src\main\AndroidManifest.xml:11:9-35
23        android:appComponentFactory="androidx.core.app.CoreComponentFactory"
23-->[androidx.core:core:1.3.2] AndroidManifest.xml:24:18-86
24        android:debuggable="true"
25        android:icon="@mipmap/ic_launcher"
25-->src\main\AndroidManifest.xml:12:9-43
26        android:label="@string/app_name"
26-->src\main\AndroidManifest.xml:13:9-41
27        android:roundIcon="@mipmap/ic_launcher_round"
27-->src\main\AndroidManifest.xml:14:9-54
28        android:supportsRtl="true"
28-->src\main\AndroidManifest.xml:15:9-35
29        android:theme="@style/Theme.AppCompat.NoActionBar" >
29-->src\main\AndroidManifest.xml:16:9-59
30        <meta-data
30-->src\main\AndroidManifest.xml:17:9-19:71
31            android:name="com.google.android.nearby.messages.API_KEY"
31-->src\main\AndroidManifest.xml:18:13-70
32            android:value="AIzaSyCeOPUEZ1Xe3kNJKt_U0sLV8SOgjv_JlFQ" />
32-->src\main\AndroidManifest.xml:19:13-68
33
34        <activity
34-->src\main\AndroidManifest.xml:20:9-92
35            android:name="com.example.wetrace.ContactTracingActivity"
35-->src\main\AndroidManifest.xml:20:19-57
36            android:theme="@style/MainTheme" />
36-->src\main\AndroidManifest.xml:20:58-90
37        <activity
37-->src\main\AndroidManifest.xml:21:9-23:66
38            android:name="com.example.wetrace.TrackMeActivity"
38-->src\main\AndroidManifest.xml:22:13-44
39            android:theme="@style/Theme.AppCompat.NoActionBar" />
39-->src\main\AndroidManifest.xml:23:13-63
40        <activity
40-->src\main\AndroidManifest.xml:24:9-26:48
41            android:name="com.example.wetrace.TestCentreActivity"
41-->src\main\AndroidManifest.xml:25:13-47
42            android:theme="@style/MainTheme" />
42-->src\main\AndroidManifest.xml:26:13-45
43        <activity
43-->src\main\AndroidManifest.xml:27:9-29:66
44            android:name="com.example.wetrace.SelfAssessmentTestActivity"
44-->src\main\AndroidManifest.xml:28:13-55
45            android:theme="@style/Theme.AppCompat.NoActionBar" />
45-->src\main\AndroidManifest.xml:29:13-63
46        <activity android:name="com.example.wetrace.LoginActivity" />
46-->src\main\AndroidManifest.xml:30:9-51
46-->src\main\AndroidManifest.xml:30:19-48
47        <activity
47-->src\main\AndroidManifest.xml:31:9-33:48
48            android:name="com.example.wetrace.MainActivity"
48-->src\main\AndroidManifest.xml:32:13-41
49            android:theme="@style/MainTheme" />
49-->src\main\AndroidManifest.xml:33:13-45
50        <activity
50-->src\main\AndroidManifest.xml:34:9-36:66
51            android:name="com.example.wetrace.RegisterActivity"
51-->src\main\AndroidManifest.xml:35:13-45
52            android:theme="@style/Theme.AppCompat.NoActionBar" />
52-->src\main\AndroidManifest.xml:36:13-63
53        <activity
53-->src\main\AndroidManifest.xml:37:9-45:20
54            android:name="com.example.wetrace.SplashActivity"
54-->src\main\AndroidManifest.xml:38:13-43
55            android:theme="@style/Theme.AppCompat.NoActionBar" >
55-->src\main\AndroidManifest.xml:39:13-63
56            <intent-filter>
56-->src\main\AndroidManifest.xml:40:13-44:29
57                <action android:name="android.intent.action.MAIN" />
57-->src\main\AndroidManifest.xml:41:17-69
57-->src\main\AndroidManifest.xml:41:25-66
58
59                <category android:name="android.intent.category.LAUNCHER" />
59-->src\main\AndroidManifest.xml:43:17-77
59-->src\main\AndroidManifest.xml:43:27-74
60            </intent-filter>
61        </activity>
62
63        <meta-data
63-->src\main\AndroidManifest.xml:47:9-49:55
64            android:name="com.google.android.geo.API_KEY"
64-->src\main\AndroidManifest.xml:48:13-58
65            android:value="@string/google_maps_key" />
65-->src\main\AndroidManifest.xml:49:13-52
66        <!-- Needs to be explicitly declared on P+ -->
67        <uses-library
67-->[com.google.android.gms:play-services-maps:17.0.0] AndroidManifest.xml:33:9-35:40
68            android:name="org.apache.http.legacy"
68-->[com.google.android.gms:play-services-maps:17.0.0] AndroidManifest.xml:34:13-50
69            android:required="false" />
69-->[com.google.android.gms:play-services-maps:17.0.0] AndroidManifest.xml:35:13-37
70
71        <activity
71-->[com.google.firebase:firebase-auth:20.0.3] AndroidManifest.xml:27:9-44:20
72            android:name="com.google.firebase.auth.internal.GenericIdpActivity"
72-->[com.google.firebase:firebase-auth:20.0.3] AndroidManifest.xml:28:13-80
73            android:excludeFromRecents="true"
73-->[com.google.firebase:firebase-auth:20.0.3] AndroidManifest.xml:29:13-46
74            android:exported="true"
74-->[com.google.firebase:firebase-auth:20.0.3] AndroidManifest.xml:30:13-36
75            android:launchMode="singleTask"
75-->[com.google.firebase:firebase-auth:20.0.3] AndroidManifest.xml:31:13-44
76            android:theme="@android:style/Theme.Translucent.NoTitleBar" >
76-->[com.google.firebase:firebase-auth:20.0.3] AndroidManifest.xml:32:13-72
77            <intent-filter>
77-->[com.google.firebase:firebase-auth:20.0.3] AndroidManifest.xml:33:13-43:29
78                <action android:name="android.intent.action.VIEW" />
78-->[com.google.firebase:firebase-auth:20.0.3] AndroidManifest.xml:34:17-69
78-->[com.google.firebase:firebase-auth:20.0.3] AndroidManifest.xml:34:25-66
79
80                <category android:name="android.intent.category.DEFAULT" />
80-->[com.google.firebase:firebase-auth:20.0.3] AndroidManifest.xml:36:17-76
80-->[com.google.firebase:firebase-auth:20.0.3] AndroidManifest.xml:36:27-73
81                <category android:name="android.intent.category.BROWSABLE" />
81-->[com.google.firebase:firebase-auth:20.0.3] AndroidManifest.xml:37:17-78
81-->[com.google.firebase:firebase-auth:20.0.3] AndroidManifest.xml:37:27-75
82
83                <data
83-->[com.google.firebase:firebase-auth:20.0.3] AndroidManifest.xml:39:17-42:51
84                    android:host="firebase.auth"
84-->[com.google.firebase:firebase-auth:20.0.3] AndroidManifest.xml:40:21-49
85                    android:path="/"
85-->[com.google.firebase:firebase-auth:20.0.3] AndroidManifest.xml:41:21-37
86                    android:scheme="genericidp" />
86-->[com.google.firebase:firebase-auth:20.0.3] AndroidManifest.xml:42:21-48
87            </intent-filter>
88        </activity>
89        <activity
89-->[com.google.firebase:firebase-auth:20.0.3] AndroidManifest.xml:45:9-62:20
90            android:name="com.google.firebase.auth.internal.RecaptchaActivity"
90-->[com.google.firebase:firebase-auth:20.0.3] AndroidManifest.xml:46:13-79
91            android:excludeFromRecents="true"
91-->[com.google.firebase:firebase-auth:20.0.3] AndroidManifest.xml:47:13-46
92            android:exported="true"
92-->[com.google.firebase:firebase-auth:20.0.3] AndroidManifest.xml:48:13-36
93            android:launchMode="singleTask"
93-->[com.google.firebase:firebase-auth:20.0.3] AndroidManifest.xml:49:13-44
94            android:theme="@android:style/Theme.Translucent.NoTitleBar" >
94-->[com.google.firebase:firebase-auth:20.0.3] AndroidManifest.xml:50:13-72
95            <intent-filter>
95-->[com.google.firebase:firebase-auth:20.0.3] AndroidManifest.xml:51:13-61:29
96                <action android:name="android.intent.action.VIEW" />
96-->[com.google.firebase:firebase-auth:20.0.3] AndroidManifest.xml:34:17-69
96-->[com.google.firebase:firebase-auth:20.0.3] AndroidManifest.xml:34:25-66
97
98                <category android:name="android.intent.category.DEFAULT" />
98-->[com.google.firebase:firebase-auth:20.0.3] AndroidManifest.xml:36:17-76
98-->[com.google.firebase:firebase-auth:20.0.3] AndroidManifest.xml:36:27-73
99                <category android:name="android.intent.category.BROWSABLE" />
99-->[com.google.firebase:firebase-auth:20.0.3] AndroidManifest.xml:37:17-78
99-->[com.google.firebase:firebase-auth:20.0.3] AndroidManifest.xml:37:27-75
100
101                <data
101-->[com.google.firebase:firebase-auth:20.0.3] AndroidManifest.xml:39:17-42:51
102                    android:host="firebase.auth"
102-->[com.google.firebase:firebase-auth:20.0.3] AndroidManifest.xml:40:21-49
103                    android:path="/"
103-->[com.google.firebase:firebase-auth:20.0.3] AndroidManifest.xml:41:21-37
104                    android:scheme="recaptcha" />
104-->[com.google.firebase:firebase-auth:20.0.3] AndroidManifest.xml:42:21-48
105            </intent-filter>
106        </activity>
107
108        <service
108-->[com.google.firebase:firebase-auth:20.0.3] AndroidManifest.xml:64:9-73:19
109            android:name="com.google.firebase.auth.api.fallback.service.FirebaseAuthFallbackService"
109-->[com.google.firebase:firebase-auth:20.0.3] AndroidManifest.xml:65:13-101
110            android:enabled="true"
110-->[com.google.firebase:firebase-auth:20.0.3] AndroidManifest.xml:66:13-35
111            android:exported="false" >
111-->[com.google.firebase:firebase-auth:20.0.3] AndroidManifest.xml:67:13-37
112            <intent-filter>
112-->[com.google.firebase:firebase-auth:20.0.3] AndroidManifest.xml:68:13-72:29
113                <action android:name="com.google.firebase.auth.api.gms.service.START" />
113-->[com.google.firebase:firebase-auth:20.0.3] AndroidManifest.xml:69:17-89
113-->[com.google.firebase:firebase-auth:20.0.3] AndroidManifest.xml:69:25-86
114
115                <category android:name="android.intent.category.DEFAULT" />
115-->[com.google.firebase:firebase-auth:20.0.3] AndroidManifest.xml:36:17-76
115-->[com.google.firebase:firebase-auth:20.0.3] AndroidManifest.xml:36:27-73
116            </intent-filter>
117        </service>
118        <service
118-->[com.google.firebase:firebase-auth:20.0.3] AndroidManifest.xml:74:9-80:19
119            android:name="com.google.firebase.components.ComponentDiscoveryService"
119-->[com.google.firebase:firebase-auth:20.0.3] AndroidManifest.xml:75:13-84
120            android:directBootAware="true"
120-->[com.google.firebase:firebase-common:19.5.0] AndroidManifest.xml:35:13-43
121            android:exported="false" >
121-->[com.google.firebase:firebase-auth:20.0.3] AndroidManifest.xml:76:13-37
122            <meta-data
122-->[com.google.firebase:firebase-auth:20.0.3] AndroidManifest.xml:77:13-79:85
123                android:name="com.google.firebase.components:com.google.firebase.auth.FirebaseAuthRegistrar"
123-->[com.google.firebase:firebase-auth:20.0.3] AndroidManifest.xml:78:17-109
124                android:value="com.google.firebase.components.ComponentRegistrar" />
124-->[com.google.firebase:firebase-auth:20.0.3] AndroidManifest.xml:79:17-82
125            <meta-data
125-->[com.google.firebase:firebase-firestore:22.1.1] AndroidManifest.xml:20:13-22:85
126                android:name="com.google.firebase.components:com.google.firebase.firestore.FirestoreRegistrar"
126-->[com.google.firebase:firebase-firestore:22.1.1] AndroidManifest.xml:21:17-111
127                android:value="com.google.firebase.components.ComponentRegistrar" />
127-->[com.google.firebase:firebase-firestore:22.1.1] AndroidManifest.xml:22:17-82
128            <meta-data
128-->[com.google.firebase:firebase-database:19.6.0] AndroidManifest.xml:32:13-34:85
129                android:name="com.google.firebase.components:com.google.firebase.database.DatabaseRegistrar"
129-->[com.google.firebase:firebase-database:19.6.0] AndroidManifest.xml:33:17-109
130                android:value="com.google.firebase.components.ComponentRegistrar" />
130-->[com.google.firebase:firebase-database:19.6.0] AndroidManifest.xml:34:17-82
131            <!--
132                This registrar is not defined in the dynamic-module-support sdk itself to allow non-firebase
133                clients to use it as well, by defining this registrar in their own core/common library.
134            -->
135            <meta-data
135-->[com.google.firebase:firebase-common:19.5.0] AndroidManifest.xml:43:13-45:85
136                android:name="com.google.firebase.components:com.google.firebase.dynamicloading.DynamicLoadingRegistrar"
136-->[com.google.firebase:firebase-common:19.5.0] AndroidManifest.xml:44:17-121
137                android:value="com.google.firebase.components.ComponentRegistrar" />
137-->[com.google.firebase:firebase-common:19.5.0] AndroidManifest.xml:45:17-82
138        </service>
139
140        <provider
140-->[com.google.firebase:firebase-common:19.5.0] AndroidManifest.xml:26:9-31:39
141            android:name="com.google.firebase.provider.FirebaseInitProvider"
141-->[com.google.firebase:firebase-common:19.5.0] AndroidManifest.xml:27:13-77
142            android:authorities="com.example.wetrace.firebaseinitprovider"
142-->[com.google.firebase:firebase-common:19.5.0] AndroidManifest.xml:28:13-72
143            android:directBootAware="true"
143-->[com.google.firebase:firebase-common:19.5.0] AndroidManifest.xml:29:13-43
144            android:exported="false"
144-->[com.google.firebase:firebase-common:19.5.0] AndroidManifest.xml:30:13-37
145            android:initOrder="100" />
145-->[com.google.firebase:firebase-common:19.5.0] AndroidManifest.xml:31:13-36
146
147        <activity
147-->[com.google.android.gms:play-services-base:17.5.0] AndroidManifest.xml:23:9-26:75
148            android:name="com.google.android.gms.common.api.GoogleApiActivity"
148-->[com.google.android.gms:play-services-base:17.5.0] AndroidManifest.xml:24:13-79
149            android:exported="false"
149-->[com.google.android.gms:play-services-base:17.5.0] AndroidManifest.xml:25:13-37
150            android:theme="@android:style/Theme.Translucent.NoTitleBar" />
150-->[com.google.android.gms:play-services-base:17.5.0] AndroidManifest.xml:26:13-72
151
152        <meta-data
152-->[com.google.android.gms:play-services-basement:17.5.0] AndroidManifest.xml:23:9-25:69
153            android:name="com.google.android.gms.version"
153-->[com.google.android.gms:play-services-basement:17.5.0] AndroidManifest.xml:24:13-58
154            android:value="@integer/google_play_services_version" />
154-->[com.google.android.gms:play-services-basement:17.5.0] AndroidManifest.xml:25:13-66
155    </application>
156
157</manifest>